<?xml version="1.0" encoding="UTF-8"?>
<testng-results skipped="0" failed="0" ignored="0" total="2" passed="2">
  <reporter-output>
  </reporter-output>
  <suite name="Ecommerce Test Suite" duration-ms="11732" started-at="2020-07-15T19:22:28Z" finished-at="2020-07-15T19:22:40Z">
    <groups>
    </groups>
    <test name="Chrome Execution in Localhost" duration-ms="9512" started-at="2020-07-15T19:22:28Z" finished-at="2020-07-15T19:22:37Z">
      <class name="com.ecommerce.testcases.EcommerceLaunchPageTest">
        <test-method status="PASS" signature="setUpTestCase(java.lang.String, java.lang.String)[pri:0, instance:com.ecommerce.testcases.EcommerceLaunchPageTest@368247b9]" name="setUpTestCase" is-config="true" duration-ms="4549" started-at="2020-07-15T19:22:28Z" finished-at="2020-07-15T19:22:33Z">
          <params>
            <param index="0">
              <value>
                <![CDATA[chrome]]>
              </value>
            </param>
            <param index="1">
              <value>
                <![CDATA[local]]>
              </value>
            </param>
          </params>
          <reporter-output>
          </reporter-output>
        </test-method> <!-- setUpTestCase -->
        <test-method status="PASS" signature="tc_VerifyClickOnSignInLink()[pri:1, instance:com.ecommerce.testcases.EcommerceLaunchPageTest@368247b9]" name="tc_VerifyClickOnSignInLink" duration-ms="4786" started-at="2020-07-15T19:22:33Z" description="To verify Customer click on Sign In Link navigates him/her to Authentication page" finished-at="2020-07-15T19:22:37Z">
          <reporter-output>
          </reporter-output>
        </test-method> <!-- tc_VerifyClickOnSignInLink -->
        <test-method status="PASS" signature="tearDownTestCase()[pri:0, instance:com.ecommerce.testcases.EcommerceLaunchPageTest@368247b9]" name="tearDownTestCase" is-config="true" duration-ms="88" started-at="2020-07-15T19:22:37Z" finished-at="2020-07-15T19:22:37Z">
          <reporter-output>
          </reporter-output>
        </test-method> <!-- tearDownTestCase -->
      </class> <!-- com.ecommerce.testcases.EcommerceLaunchPageTest -->
    </test> <!-- Chrome Execution in Localhost -->
    <test name="Firefox Execution in Localhost" duration-ms="11732" started-at="2020-07-15T19:22:28Z" finished-at="2020-07-15T19:22:40Z">
      <class name="com.ecommerce.testcases.EcommerceLaunchPageTest">
        <test-method status="PASS" signature="setUpTestCase(java.lang.String, java.lang.String)[pri:0, instance:com.ecommerce.testcases.EcommerceLaunchPageTest@53fe15ff]" name="setUpTestCase" is-config="true" duration-ms="6069" started-at="2020-07-15T19:22:28Z" finished-at="2020-07-15T19:22:34Z">
          <params>
            <param index="0">
              <value>
                <![CDATA[firefox]]>
              </value>
            </param>
            <param index="1">
              <value>
                <![CDATA[local]]>
              </value>
            </param>
          </params>
          <reporter-output>
          </reporter-output>
        </test-method> <!-- setUpTestCase -->
        <test-method status="PASS" signature="tc_VerifyClickOnSignInLink()[pri:1, instance:com.ecommerce.testcases.EcommerceLaunchPageTest@53fe15ff]" name="tc_VerifyClickOnSignInLink" duration-ms="4284" started-at="2020-07-15T19:22:34Z" description="To verify Customer click on Sign In Link navigates him/her to Authentication page" finished-at="2020-07-15T19:22:38Z">
          <reporter-output>
          </reporter-output>
        </test-method> <!-- tc_VerifyClickOnSignInLink -->
        <test-method status="PASS" signature="tearDownTestCase()[pri:0, instance:com.ecommerce.testcases.EcommerceLaunchPageTest@53fe15ff]" name="tearDownTestCase" is-config="true" duration-ms="1357" started-at="2020-07-15T19:22:38Z" finished-at="2020-07-15T19:22:40Z">
          <reporter-output>
          </reporter-output>
        </test-method> <!-- tearDownTestCase -->
      </class> <!-- com.ecommerce.testcases.EcommerceLaunchPageTest -->
    </test> <!-- Firefox Execution in Localhost -->
  </suite> <!-- Ecommerce Test Suite -->
</testng-results>
