<?xml version="1.0" encoding="UTF-8"?>
<testsuite xmlns:xsi="http://www.w3.org/2001/XMLSchema-instance" xsi:noNamespaceSchemaLocation="https://maven.apache.org/surefire/maven-surefire-plugin/xsd/surefire-test-report.xsd" name="TestSuite" time="12.259" tests="2" errors="0" skipped="0" failures="0">
  <properties>
[...]
</properties>
  <testcase name="tc_VerifyClickOnSignInLink" classname="com.ecommerce.testcases.EcommerceLaunchPageTest" time="3.332"/>
  <testcase name="tc_VerifyClickOnSignInLink" classname="com.ecommerce.testcases.EcommerceLaunchPageTest" time="4.283"/>
</testsuite>